<?xml version="1.0" encoding="UTF-8"?>
<testsuite name="success.salesforce.bulkloadermain.AppTest" tests="1" skipped="0" failures="0" errors="0" timestamp="2021-11-18T15:23:31" hostname="Williams-iMac" time="0.002">
  <properties/>
  <testcase name="appHasAGreeting" classname="success.salesforce.bulkloadermain.AppTest" time="0.002"/>
  <system-out><![CDATA[]]></system-out>
  <system-err><![CDATA[]]></system-err>
</testsuite>
